<?xml version="1.0" encoding="UTF-8"?>
<!-- Generated by org.testng.reporters.JUnitReportReporter -->
<testsuite hostname="Dell-PC" failures="0" tests="1" name="pdfreader.pdfreader" time="9.140" errors="0" timestamp="2020-08-08T18:18:19 IST" skipped="0">
  <testcase classname="pdfreader.pdfreader" name="pdfreaderwords" time="9.140"/>
  <system-out/>
</testsuite> <!-- pdfreader.pdfreader -->
